<?xml version="1.0" encoding="UTF-8"?>
<testng-results skipped="0" failed="0" ignored="0" total="1" passed="1">
  <reporter-output>
  </reporter-output>
  <suite name="Default suite" duration-ms="675" started-at="2020-05-29T08:36:48Z" finished-at="2020-05-29T08:36:49Z">
    <groups>
      <group name="cucumber">
        <method signature="AbstractTestNGCucumberTests.feature(cucumber.api.testng.CucumberFeatureWrapper)[pri:0, instance:runnerfile.runner@42e26948]" name="feature" class="cucumber.api.testng.AbstractTestNGCucumberTests"/>
      </group> <!-- cucumber -->
    </groups>
    <test name="Default test" duration-ms="675" started-at="2020-05-29T08:36:48Z" finished-at="2020-05-29T08:36:49Z">
      <class name="runnerfile.runner">
        <test-method status="PASS" signature="setUpClass()[pri:0, instance:runnerfile.runner@42e26948]" name="setUpClass" is-config="true" duration-ms="340" started-at="2020-05-29T14:06:48Z" finished-at="2020-05-29T14:06:49Z">
          <reporter-output>
          </reporter-output>
        </test-method> <!-- setUpClass -->
        <test-method status="PASS" signature="feature(cucumber.api.testng.CucumberFeatureWrapper)[pri:0, instance:runnerfile.runner@42e26948]" name="feature" duration-ms="146" started-at="2020-05-29T14:06:49Z" description="Runs Cucumber Feature" data-provider="features" finished-at="2020-05-29T14:06:49Z">
          <params>
            <param index="0">
              <value>
                <![CDATA[Test the example feature]]>
              </value>
            </param>
          </params>
          <reporter-output>
          </reporter-output>
        </test-method> <!-- feature -->
        <test-method status="PASS" signature="tearDownClass()[pri:0, instance:runnerfile.runner@42e26948]" name="tearDownClass" is-config="true" duration-ms="9" started-at="2020-05-29T14:06:49Z" finished-at="2020-05-29T14:06:49Z">
          <reporter-output>
          </reporter-output>
        </test-method> <!-- tearDownClass -->
      </class> <!-- runnerfile.runner -->
    </test> <!-- Default test -->
  </suite> <!-- Default suite -->
</testng-results>
