<?xml version="1.0" encoding="UTF-8"?>
<testng-results skipped="0" failed="0" ignored="0" total="1" passed="1">
  <reporter-output>
  </reporter-output>
  <suite name="Default suite" duration-ms="15789" started-at="2020-06-06T04:56:27Z" finished-at="2020-06-06T04:56:43Z">
    <groups>
    </groups>
    <test name="Default test" duration-ms="15789" started-at="2020-06-06T04:56:27Z" finished-at="2020-06-06T04:56:43Z">
      <class name="com.app.androidapp.scripts.TC_001_TestScript1">
        <test-method status="PASS" signature="_LaunchApp()[pri:0, instance:com.app.androidapp.scripts.TC_001_TestScript1@6500df86]" name="_LaunchApp" is-config="true" duration-ms="14736" started-at="2020-06-06T10:26:27Z" finished-at="2020-06-06T10:26:42Z">
          <reporter-output>
          </reporter-output>
        </test-method> <!-- _LaunchApp -->
        <test-method status="PASS" signature="tc_001_testOne()[pri:0, instance:com.app.androidapp.scripts.TC_001_TestScript1@6500df86]" name="tc_001_testOne" duration-ms="324" started-at="2020-06-06T10:26:42Z" finished-at="2020-06-06T10:26:43Z">
          <reporter-output>
          </reporter-output>
        </test-method> <!-- tc_001_testOne -->
        <test-method status="PASS" signature="shutDownApp()[pri:0, instance:com.app.androidapp.scripts.TC_001_TestScript1@6500df86]" name="shutDownApp" is-config="true" duration-ms="0" started-at="2020-06-06T10:26:43Z" finished-at="2020-06-06T10:26:43Z">
          <reporter-output>
          </reporter-output>
        </test-method> <!-- shutDownApp -->
      </class> <!-- com.app.androidapp.scripts.TC_001_TestScript1 -->
    </test> <!-- Default test -->
  </suite> <!-- Default suite -->
</testng-results>
