<?xml version="1.0" encoding="UTF-8"?>
<testng-results skipped="0" failed="1" ignored="0" total="1" passed="0">
  <reporter-output>
  </reporter-output>
  <suite name="Default suite" duration-ms="115411" started-at="2020-06-05T09:42:45Z" finished-at="2020-06-05T09:44:41Z">
    <groups>
    </groups>
    <test name="Default test" duration-ms="115411" started-at="2020-06-05T09:42:45Z" finished-at="2020-06-05T09:44:41Z">
      <class name="org.appiumtestyantra.Uicatalogdate">
        <test-method status="PASS" signature="launchApp()[pri:0, instance:org.appiumtestyantra.Uicatalogdate@464bee09]" name="launchApp" is-config="true" duration-ms="55423" started-at="2020-06-05T15:12:45Z" finished-at="2020-06-05T15:13:41Z">
          <reporter-output>
          </reporter-output>
        </test-method> <!-- launchApp -->
        <test-method status="FAIL" signature="add()[pri:0, instance:org.appiumtestyantra.Uicatalogdate@464bee09]" name="add" duration-ms="59835" started-at="2020-06-05T15:13:41Z" finished-at="2020-06-05T15:14:41Z">
          <exception class="org.openqa.selenium.NoSuchElementException">
            <message>
              <![CDATA[An element could not be located on the page using the given search parameters. (WARNING: The server did not provide any stacktrace information)
Command duration or timeout: 30.09 seconds
For documentation on this error, please visit: http://seleniumhq.org/exceptions/no_such_element.html
Build info: version: '2.53.1', revision: 'a36b8b1cd5757287168e54b817830adce9b0158d', time: '2016-06-30 19:26:09'
System info: host: 'hp', ip: '192.168.43.152', os.name: 'Windows 8.1', os.arch: 'amd64', os.version: '6.3', java.version: '1.8.0_144'
Driver info: io.appium.java_client.android.AndroidDriver
Capabilities [{appPackage=org.eniblo.uicatalog, statBarHeight=42, viewportRect={top=42, left=0, width=720, height=1339}, deviceName=R9BMC005KVJ, UDID=R9BMC005KVJ, platform=LINUX, deviceUDID=R9BMC005KVJ, desired={appPackage=org.eniblo.uicatalog, appActivity=.MainActivity, platformVersion=9, automationName=UIAutomator2, platformName=Android, deviceName=SM-A107F, UDID=R9BMC005KVJ}, platformVersion=9, webStorageEnabled=false, automationName=UIAutomator2, takesScreenshot=true, javascriptEnabled=true, platformName=Android, deviceApiLevel=28, deviceManufacturer=samsung, deviceScreenSize=720x1520, networkConnectionEnabled=true, warnings={}, databaseEnabled=false, appActivity=.MainActivity, pixelRatio=1.75, locationContextEnabled=false, deviceScreenDensity=280, deviceModel=SM-A107F}]
Session ID: 6e7c3444-7e00-4c7b-8d23-dd28193f1e6b
*** Element info: {Using=accessibility id, value=Grid}]]>
            </message>
            <full-stacktrace>
              <![CDATA[org.openqa.selenium.NoSuchElementException: An element could not be located on the page using the given search parameters. (WARNING: The server did not provide any stacktrace information)
Command duration or timeout: 30.09 seconds
For documentation on this error, please visit: http://seleniumhq.org/exceptions/no_such_element.html
Build info: version: '2.53.1', revision: 'a36b8b1cd5757287168e54b817830adce9b0158d', time: '2016-06-30 19:26:09'
System info: host: 'hp', ip: '192.168.43.152', os.name: 'Windows 8.1', os.arch: 'amd64', os.version: '6.3', java.version: '1.8.0_144'
Driver info: io.appium.java_client.android.AndroidDriver
Capabilities [{appPackage=org.eniblo.uicatalog, statBarHeight=42, viewportRect={top=42, left=0, width=720, height=1339}, deviceName=R9BMC005KVJ, UDID=R9BMC005KVJ, platform=LINUX, deviceUDID=R9BMC005KVJ, desired={appPackage=org.eniblo.uicatalog, appActivity=.MainActivity, platformVersion=9, automationName=UIAutomator2, platformName=Android, deviceName=SM-A107F, UDID=R9BMC005KVJ}, platformVersion=9, webStorageEnabled=false, automationName=UIAutomator2, takesScreenshot=true, javascriptEnabled=true, platformName=Android, deviceApiLevel=28, deviceManufacturer=samsung, deviceScreenSize=720x1520, networkConnectionEnabled=true, warnings={}, databaseEnabled=false, appActivity=.MainActivity, pixelRatio=1.75, locationContextEnabled=false, deviceScreenDensity=280, deviceModel=SM-A107F}]
Session ID: 6e7c3444-7e00-4c7b-8d23-dd28193f1e6b
*** Element info: {Using=accessibility id, value=Grid}
	at sun.reflect.NativeConstructorAccessorImpl.newInstance0(Native Method)
	at sun.reflect.NativeConstructorAccessorImpl.newInstance(NativeConstructorAccessorImpl.java:62)
	at sun.reflect.DelegatingConstructorAccessorImpl.newInstance(DelegatingConstructorAccessorImpl.java:45)
	at java.lang.reflect.Constructor.newInstance(Constructor.java:423)
	at org.openqa.selenium.remote.ErrorHandler.createThrowable(ErrorHandler.java:206)
	at org.openqa.selenium.remote.ErrorHandler.throwIfResponseFailed(ErrorHandler.java:158)
	at org.openqa.selenium.remote.RemoteWebDriver.execute(RemoteWebDriver.java:678)
	at io.appium.java_client.DefaultGenericMobileDriver.execute(DefaultGenericMobileDriver.java:40)
	at io.appium.java_client.AppiumDriver.execute(AppiumDriver.java:1)
	at io.appium.java_client.android.AndroidDriver.execute(AndroidDriver.java:1)
	at org.openqa.selenium.remote.RemoteWebDriver.findElement(RemoteWebDriver.java:363)
	at io.appium.java_client.DefaultGenericMobileDriver.findElement(DefaultGenericMobileDriver.java:56)
	at io.appium.java_client.AppiumDriver.findElement(AppiumDriver.java:1)
	at io.appium.java_client.android.AndroidDriver.findElement(AndroidDriver.java:1)
	at io.appium.java_client.DefaultGenericMobileDriver.findElementByAccessibilityId(DefaultGenericMobileDriver.java:145)
	at io.appium.java_client.AppiumDriver.findElementByAccessibilityId(AppiumDriver.java:1)
	at io.appium.java_client.android.AndroidDriver.findElementByAccessibilityId(AndroidDriver.java:1)
	at org.appiumtestyantra.Uicatalogdate.add(Uicatalogdate.java:60)
	at sun.reflect.NativeMethodAccessorImpl.invoke0(Native Method)
	at sun.reflect.NativeMethodAccessorImpl.invoke(NativeMethodAccessorImpl.java:62)
	at sun.reflect.DelegatingMethodAccessorImpl.invoke(DelegatingMethodAccessorImpl.java:43)
	at java.lang.reflect.Method.invoke(Method.java:498)
	at org.testng.internal.MethodInvocationHelper.invokeMethod(MethodInvocationHelper.java:108)
	at org.testng.internal.Invoker.invokeMethod(Invoker.java:669)
	at org.testng.internal.Invoker.invokeTestMethod(Invoker.java:877)
	at org.testng.internal.Invoker.invokeTestMethods(Invoker.java:1201)
	at org.testng.internal.TestMethodWorker.invokeTestMethods(TestMethodWorker.java:125)
	at org.testng.internal.TestMethodWorker.run(TestMethodWorker.java:109)
	at org.testng.TestRunner.privateRun(TestRunner.java:776)
	at org.testng.TestRunner.run(TestRunner.java:634)
	at org.testng.SuiteRunner.runTest(SuiteRunner.java:425)
	at org.testng.SuiteRunner.runSequentially(SuiteRunner.java:420)
	at org.testng.SuiteRunner.privateRun(SuiteRunner.java:385)
	at org.testng.SuiteRunner.run(SuiteRunner.java:334)
	at org.testng.SuiteRunnerWorker.runSuite(SuiteRunnerWorker.java:52)
	at org.testng.SuiteRunnerWorker.run(SuiteRunnerWorker.java:86)
	at org.testng.TestNG.runSuitesSequentially(TestNG.java:1318)
	at org.testng.TestNG.runSuitesLocally(TestNG.java:1243)
	at org.testng.TestNG.runSuites(TestNG.java:1161)
	at org.testng.TestNG.run(TestNG.java:1129)
	at org.testng.remote.AbstractRemoteTestNG.run(AbstractRemoteTestNG.java:114)
	at org.testng.remote.RemoteTestNG.initAndRun(RemoteTestNG.java:251)
	at org.testng.remote.RemoteTestNG.main(RemoteTestNG.java:77)
]]>
            </full-stacktrace>
          </exception> <!-- org.openqa.selenium.NoSuchElementException -->
          <reporter-output>
          </reporter-output>
        </test-method> <!-- add -->
      </class> <!-- org.appiumtestyantra.Uicatalogdate -->
    </test> <!-- Default test -->
  </suite> <!-- Default suite -->
</testng-results>
